Determining if the pthread_create exist failed with the following output:
Change Dir: /home/caiyufeng/turtlebot3_ws/src/navigation/chomp_local_planner/build/CMakeFiles/CMakeTmp

Run Build Command:"/usr/bin/make" "cmTC_46e7c/fast"
/usr/bin/make -f CMakeFiles/cmTC_46e7c.dir/build.make CMakeFiles/cmTC_46e7c.dir/build
make[1]: 进入目录“/home/caiyufeng/turtlebot3_ws/src/navigation/chomp_local_planner/build/CMakeFiles/CMakeTmp”
Building C object CMakeFiles/cmTC_46e7c.dir/CheckSymbolExists.c.o
/usr/bin/gcc-7    -o CMakeFiles/cmTC_46e7c.dir/CheckSymbolExists.c.o   -c /home/caiyufeng/turtlebot3_ws/src/navigation/chomp_local_planner/build/CMakeFiles/CMakeTmp/CheckSymbolExists.c
Linking C executable cmTC_46e7c
/usr/bin/cmake -E cmake_link_script CMakeFiles/cmTC_46e7c.dir/link.txt --verbose=1
/usr/bin/gcc-7      -rdynamic CMakeFiles/cmTC_46e7c.dir/CheckSymbolExists.c.o  -o cmTC_46e7c 
CMakeFiles/cmTC_46e7c.dir/CheckSymbolExists.c.o：在函数‘main’中：
CheckSymbolExists.c:(.text+0x1b)：对‘pthread_create’未定义的引用
collect2: error: ld returned 1 exit status
CMakeFiles/cmTC_46e7c.dir/build.make:97: recipe for target 'cmTC_46e7c' failed
make[1]: *** [cmTC_46e7c] Error 1
make[1]: 离开目录“/home/caiyufeng/turtlebot3_ws/src/navigation/chomp_local_planner/build/CMakeFiles/CMakeTmp”
Makefile:126: recipe for target 'cmTC_46e7c/fast' failed
make: *** [cmTC_46e7c/fast] Error 2

File /home/caiyufeng/turtlebot3_ws/src/navigation/chomp_local_planner/build/CMakeFiles/CMakeTmp/CheckSymbolExists.c:
/* */
#include <pthread.h>

int main(int argc, char** argv)
{
  (void)argv;
#ifndef pthread_create
  return ((int*)(&pthread_create))[argc];
#else
  (void)argc;
  return 0;
#endif
}

Determining if the function pthread_create exists in the pthreads failed with the following output:
Change Dir: /home/caiyufeng/turtlebot3_ws/src/navigation/chomp_local_planner/build/CMakeFiles/CMakeTmp

Run Build Command:"/usr/bin/make" "cmTC_e95e7/fast"
/usr/bin/make -f CMakeFiles/cmTC_e95e7.dir/build.make CMakeFiles/cmTC_e95e7.dir/build
make[1]: 进入目录“/home/caiyufeng/turtlebot3_ws/src/navigation/chomp_local_planner/build/CMakeFiles/CMakeTmp”
Building C object CMakeFiles/cmTC_e95e7.dir/CheckFunctionExists.c.o
/usr/bin/gcc-7   -DCHECK_FUNCTION_EXISTS=pthread_create   -o CMakeFiles/cmTC_e95e7.dir/CheckFunctionExists.c.o   -c /usr/share/cmake-3.10/Modules/CheckFunctionExists.c
Linking C executable cmTC_e95e7
/usr/bin/cmake -E cmake_link_script CMakeFiles/cmTC_e95e7.dir/link.txt --verbose=1
/usr/bin/gcc-7  -DCHECK_FUNCTION_EXISTS=pthread_create    -rdynamic CMakeFiles/cmTC_e95e7.dir/CheckFunctionExists.c.o  -o cmTC_e95e7 -lpthreads 
/usr/bin/ld: 找不到 -lpthreads
collect2: error: ld returned 1 exit status
CMakeFiles/cmTC_e95e7.dir/build.make:97: recipe for target 'cmTC_e95e7' failed
make[1]: *** [cmTC_e95e7] Error 1
make[1]: 离开目录“/home/caiyufeng/turtlebot3_ws/src/navigation/chomp_local_planner/build/CMakeFiles/CMakeTmp”
Makefile:126: recipe for target 'cmTC_e95e7/fast' failed
make: *** [cmTC_e95e7/fast] Error 2


